This is TeX, Version 3.1415 (C version 6.1) (format=lplain 96.11.14)  14 APR 1998 13:53
**drift.tex
(drift.tex
LaTeX2e <1994/12/01>
(/apps/tex/lib/texmf/tex/latex2e/base/article.cls
Document Class: article 1994/12/09 v1.2x Standard LaTeX document class
(/apps/tex/lib/texmf/tex/latex2e/base/size10.clo
File: size10.clo 1994/12/09 v1.2x Standard LaTeX file (size option)
)
\c@part=\count82
\c@section=\count83
\c@subsection=\count84
\c@subsubsection=\count85
\c@paragraph=\count86
\c@subparagraph=\count87
\c@figure=\count88
\c@table=\count89
\abovecaptionskip=\skip41
\belowcaptionskip=\skip42
LaTeX Info: Redefining \cal on input line 455.
LaTeX Info: Redefining \mit on input line 456.
\bibindent=\dimen102
)
(/apps/noweb/tex/inputs/noweb.sty
\nwmarginglue=\dimen103
\codehsize=\dimen104
\codemargin=\dimen105
\nwdefspace=\dimen106
\equivbox=\box26
LaTeX Font Info:    External font `cmex10' loaded for size
(Font)              <7> on input line 76.
LaTeX Font Info:    External font `cmex10' loaded for size
(Font)              <5> on input line 76.
\plusequivbox=\box27
\nwcodetopsep=\skip43
\nwcodepenalty=\count90
\@original@textwidth=\dimen107
\nwcodecommentsep=\skip44
\@nwlopage=\count91
\@nwhipage=\count92
\@nwlosub=\count93
\@nwhisub=\count94
\@nwpagetemp=\count95
\@nwpagecount=\count96
\sub@page=\count97
\nw@chunkcount=\count98
\@commacount=\count99
\nwix@counter=\count100
) (drift.aux)
LaTeX Font Info:    Checking defaults for OML/cmm/m/it on input line 1.
LaTeX Font Info:    ... okay on input line 1.
LaTeX Font Info:    Checking defaults for T1/cmr/m/n on input line 1.
LaTeX Font Info:    ... okay on input line 1.
LaTeX Font Info:    Checking defaults for OT1/cmr/m/n on input line 1.
LaTeX Font Info:    ... okay on input line 1.
LaTeX Font Info:    Checking defaults for OMS/cmsy/m/n on input line 1.
LaTeX Font Info:    ... okay on input line 1.
LaTeX Font Info:    Checking defaults for OMX/cmex/m/n on input line 1.
LaTeX Font Info:    ... okay on input line 1.
LaTeX Font Info:    Checking defaults for U/cmr/m/n on input line 1.
LaTeX Font Info:    ... okay on input line 1.
LaTeX Font Info:    External font `cmex10' loaded for size
(Font)              <9> on input line 9.
LaTeX Font Info:    External font `cmex10' loaded for size
(Font)              <6> on input line 9.
 [1

]
Overfull \hbox (117.59724pt too wide) in paragraph at lines 58--58
 []        \OT1/cmtt/m/n/9 void driftChamber::_init(threeVec readout,threeVec n
ormal,threeVec center,double radius,double dnorm,double spacing) {[]  
 []

[2] (drift.aux) ) 
Here is how much of TeX's memory you used:
 450 strings out of 10953
 4723 string characters out of 72788
 54732 words of memory out of 262141
 3342 multiletter control sequences out of 9500
 8172 words of font info for 30 fonts, out of 100000 for 255
 14 hyphenation exceptions out of 607
 25i,5n,18p,417b,300s stack positions out of 300i,40n,60p,3000b,4000s

Output written on drift.dvi (2 pages, 3116 bytes).
